2026.03.16 21:11:38 INFO  Started: Metals version 1.6.6 in folders 'C:\Users\Advance\Downloads\Week 09' for client Visual Studio Code 1.111.0.
2026.03.16 21:11:38 INFO  Memory monitor started
2026.03.16 21:11:43 WARN  Using H2 2.4.240 which is newer than the version Flyway has been verified with. The latest verified version of H2 is 2.3.232.
2026.03.16 21:11:46 INFO  no build target found for C:\Users\Advance\Downloads\Week 09\RallyChampionship.java. Using fallback presentation compiler.
2026.03.16 21:11:48 INFO  no build target found for C:\Users\Advance\Downloads\Week 09\RallyChampionship.java. Using fallback presentation compiler.
Mar 16, 2026 9:11:48 PM org.eclipse.lsp4j.jsonrpc.RemoteEndpoint handleCancellation
WARNING: Unmatched cancel notification for request id 2
2026.03.16 21:11:48 INFO  no build target found for C:\Users\Advance\Downloads\Week 09\RallyChampionship.java. Using fallback presentation compiler.
2026.03.16 21:11:48 INFO  no build target found for C:\Users\Advance\Downloads\Week 09\RallyChampionship.java. Using fallback presentation compiler.
2026.03.16 21:11:49 WARN  no build tool detected in workspace 'C:\Users\Advance\Downloads\Week 09'. The most common cause for this problem is that the editor was opened in the wrong working directory, for example if you use sbt then the workspace directory should contain build.sbt. 
2026.03.16 21:11:48 INFO  no build target found for C:\Users\Advance\Downloads\Week 09\RallyChampionship.java. Using fallback presentation compiler.
2026.03.16 21:11:49 WARN  Build server is not auto-connectable.
2026.03.16 21:11:48 INFO  no build target found for C:\Users\Advance\Downloads\Week 09\RallyChampionship.java. Using fallback presentation compiler.
Mar 16, 2026 9:11:49 PM org.eclipse.lsp4j.jsonrpc.RemoteEndpoint handleCancellation
WARNING: Unmatched cancel notification for request id 8
Mar 16, 2026 9:11:49 PM org.eclipse.lsp4j.jsonrpc.RemoteEndpoint handleCancellation
WARNING: Unmatched cancel notification for request id 9
Mar 16, 2026 9:11:49 PM org.eclipse.lsp4j.jsonrpc.RemoteEndpoint handleCancellation
WARNING: Unmatched cancel notification for request id 10
Mar 16, 2026 9:11:49 PM org.eclipse.lsp4j.jsonrpc.RemoteEndpoint handleCancellation
WARNING: Unmatched cancel notification for request id 3
2026.03.16 21:11:49 WARN  no build target for: C:\Users\Advance\Downloads\Week 09\RallyChampionship.java
2026.03.16 21:11:50 WARN  Running javac-semanticdb failed for file:///C:/Users/Advance/Downloads/Week%2009/RallyChampionship.java. Output:

2026.03.16 21:11:50 INFO  time: code lens generation in 1.39s
2026.03.16 21:11:54 INFO  no build target found for C:\Users\Advance\Downloads\Week 09\RallyChampionship.java. Using fallback presentation compiler.
2026.03.16 21:11:57 INFO  no build target found for C:\Users\Advance\Downloads\Week 09\RallyChampionship.java. Using fallback presentation compiler.
2026.03.16 21:12:01 INFO  no build target found for C:\Users\Advance\Downloads\Week 09\RallyChampionship.java. Using fallback presentation compiler.
2026.03.16 21:12:03 INFO  no build target found for C:\Users\Advance\Downloads\Week 09\RallyChampionship.java. Using fallback presentation compiler.
2026.03.16 21:12:04 INFO  no build target found for C:\Users\Advance\Downloads\Week 09\RallyChampionship.java. Using fallback presentation compiler.
2026.03.16 21:12:04 INFO  no build target found for C:\Users\Advance\Downloads\Week 09\RallyChampionship.java. Using fallback presentation compiler.
2026.03.16 21:12:08 INFO  no build target found for C:\Users\Advance\Downloads\Week 09\RallyChampionship.java. Using fallback presentation compiler.
2026.03.16 21:12:25 INFO  no build target found for C:\Users\Advance\Downloads\Week 09\RallyChampionship.java. Using fallback presentation compiler.
2026.03.16 21:12:25 INFO  no build target found for C:\Users\Advance\Downloads\Week 09\RallyChampionship.java. Using fallback presentation compiler.
2026.03.16 21:14:10 INFO  no build target found for C:\Users\Advance\Downloads\Week 09\RallyChampionship.java. Using fallback presentation compiler.
2026.03.16 21:14:10 WARN  no build target for: C:\Users\Advance\Downloads\Week 09\RaceResult.java
2026.03.16 21:14:10 INFO  no build target found for C:\Users\Advance\Downloads\Week 09\RaceResult.java. Using fallback presentation compiler.
2026.03.16 21:14:10 INFO  no build target found for C:\Users\Advance\Downloads\Week 09\RaceResult.java. Using fallback presentation compiler.
2026.03.16 21:14:10 INFO  no build target found for C:\Users\Advance\Downloads\Week 09\RaceResult.java. Using fallback presentation compiler.
2026.03.16 21:14:10 WARN  Running javac-semanticdb failed for file:///C:/Users/Advance/Downloads/Week%2009/RaceResult.java. Output:

2026.03.16 21:14:11 INFO  no build target found for C:\Users\Advance\Downloads\Week 09\RaceResult.java. Using fallback presentation compiler.
2026.03.16 21:14:13 INFO  no build target found for C:\Users\Advance\Downloads\Week 09\RaceResult.java. Using fallback presentation compiler.
2026.03.16 21:14:15 INFO  no build target found for C:\Users\Advance\Downloads\Week 09\RaceResult.java. Using fallback presentation compiler.
2026.03.16 21:14:15 WARN  no build target for: C:\Users\Advance\Downloads\Week 09\RallyChampionship.java
2026.03.16 21:14:15 INFO  no build target found for C:\Users\Advance\Downloads\Week 09\RallyChampionship.java. Using fallback presentation compiler.
2026.03.16 21:14:15 INFO  no build target found for C:\Users\Advance\Downloads\Week 09\RallyChampionship.java. Using fallback presentation compiler.
2026.03.16 21:14:15 INFO  no build target found for C:\Users\Advance\Downloads\Week 09\RallyChampionship.java. Using fallback presentation compiler.
2026.03.16 21:14:15 WARN  Running javac-semanticdb failed for file:///C:/Users/Advance/Downloads/Week%2009/RallyChampionship.java. Output:

2026.03.16 21:14:16 INFO  no build target found for C:\Users\Advance\Downloads\Week 09\RallyChampionship.java. Using fallback presentation compiler.
2026.03.16 21:14:17 INFO  no build target found for C:\Users\Advance\Downloads\Week 09\RallyChampionship.java. Using fallback presentation compiler.
2026.03.16 21:14:20 INFO  no build target found for C:\Users\Advance\Downloads\Week 09\RallyChampionship.java. Using fallback presentation compiler.
2026.03.16 21:14:20 INFO  no build target found for C:\Users\Advance\Downloads\Week 09\RallyChampionship.java. Using fallback presentation compiler.
2026.03.16 21:14:22 INFO  no build target found for C:\Users\Advance\Downloads\Week 09\RallyChampionship.java. Using fallback presentation compiler.
2026.03.16 21:14:22 INFO  no build target found for C:\Users\Advance\Downloads\Week 09\RallyChampionship.java. Using fallback presentation compiler.
2026.03.16 21:14:23 INFO  no build target found for C:\Users\Advance\Downloads\Week 09\RallyChampionship.java. Using fallback presentation compiler.
2026.03.16 21:14:23 INFO  no build target found for C:\Users\Advance\Downloads\Week 09\RallyChampionship.java. Using fallback presentation compiler.
2026.03.16 21:14:24 INFO  no build target found for C:\Users\Advance\Downloads\Week 09\RallyChampionship.java. Using fallback presentation compiler.
2026.03.16 21:14:24 INFO  no build target found for C:\Users\Advance\Downloads\Week 09\RallyChampionship.java. Using fallback presentation compiler.
2026.03.16 21:14:27 INFO  no build target found for C:\Users\Advance\Downloads\Week 09\RallyChampionship.java. Using fallback presentation compiler.
2026.03.16 21:14:28 INFO  no build target found for C:\Users\Advance\Downloads\Week 09\RallyChampionship.java. Using fallback presentation compiler.
2026.03.16 21:14:28 INFO  no build target found for C:\Users\Advance\Downloads\Week 09\RallyChampionship.java. Using fallback presentation compiler.
2026.03.16 21:14:28 WARN  Running javac-semanticdb failed for file:///C:/Users/Advance/Downloads/Week%2009/RallyChampionship.java. Output:

2026.03.16 21:14:28 INFO  no build target found for C:\Users\Advance\Downloads\Week 09\RallyChampionship.java. Using fallback presentation compiler.
2026.03.16 21:14:28 INFO  no build target found for C:\Users\Advance\Downloads\Week 09\RallyChampionship.java. Using fallback presentation compiler.
2026.03.16 21:14:28 WARN  Running javac-semanticdb failed for file:///C:/Users/Advance/Downloads/Week%2009/RallyChampionship.java. Output:

2026.03.16 21:14:29 INFO  no build target found for C:\Users\Advance\Downloads\Week 09\RallyChampionship.java. Using fallback presentation compiler.
2026.03.16 21:14:29 INFO  no build target found for C:\Users\Advance\Downloads\Week 09\RallyChampionship.java. Using fallback presentation compiler.
2026.03.16 21:14:29 INFO  no build target found for C:\Users\Advance\Downloads\Week 09\RallyChampionship.java. Using fallback presentation compiler.
2026.03.16 21:14:29 WARN  Running javac-semanticdb failed for file:///C:/Users/Advance/Downloads/Week%2009/RallyChampionship.java. Output:

2026.03.16 21:14:31 INFO  no build target found for C:\Users\Advance\Downloads\Week 09\RallyChampionship.java. Using fallback presentation compiler.
2026.03.16 21:14:36 WARN  no build target for: C:\Users\Advance\Downloads\Week 09\AsphaltCar.java
2026.03.16 21:14:36 INFO  no build target found for C:\Users\Advance\Downloads\Week 09\AsphaltCar.java. Using fallback presentation compiler.
2026.03.16 21:14:36 WARN  Running javac-semanticdb failed for file:///C:/Users/Advance/Downloads/Week%2009/AsphaltCar.java. Output:

2026.03.16 21:14:36 INFO  no build target found for C:\Users\Advance\Downloads\Week 09\AsphaltCar.java. Using fallback presentation compiler.
2026.03.16 21:14:36 INFO  no build target found for C:\Users\Advance\Downloads\Week 09\AsphaltCar.java. Using fallback presentation compiler.
2026.03.16 21:14:37 INFO  no build target found for C:\Users\Advance\Downloads\Week 09\AsphaltCar.java. Using fallback presentation compiler.
2026.03.16 21:14:38 INFO  no build target found for C:\Users\Advance\Downloads\Week 09\AsphaltCar.java. Using fallback presentation compiler.
2026.03.16 21:14:42 INFO  no build target found for C:\Users\Advance\Downloads\Week 09\AsphaltCar.java. Using fallback presentation compiler.
2026.03.16 21:14:42 INFO  no build target found for C:\Users\Advance\Downloads\Week 09\AsphaltCar.java. Using fallback presentation compiler.
2026.03.16 21:14:43 INFO  no build target found for C:\Users\Advance\Downloads\Week 09\AsphaltCar.java. Using fallback presentation compiler.
2026.03.16 21:14:43 WARN  Running javac-semanticdb failed for file:///C:/Users/Advance/Downloads/Week%2009/AsphaltCar.java. Output:

2026.03.16 21:14:43 INFO  no build target found for C:\Users\Advance\Downloads\Week 09\AsphaltCar.java. Using fallback presentation compiler.
2026.03.16 21:14:46 WARN  no build target for: C:\Users\Advance\Downloads\Week 09\AsphaltCar.java
2026.03.16 21:14:46 INFO  no build target found for C:\Users\Advance\Downloads\Week 09\AsphaltCar.java. Using fallback presentation compiler.
2026.03.16 21:14:47 WARN  no build target for: C:\Users\Advance\Downloads\Week 09\AsphaltCar.java
2026.03.16 21:14:47 INFO  no build target found for C:\Users\Advance\Downloads\Week 09\AsphaltCar.java. Using fallback presentation compiler.
2026.03.16 21:14:48 WARN  no build target for: C:\Users\Advance\Downloads\Week 09\ChampionshipManager.java
2026.03.16 21:14:48 INFO  no build target found for C:\Users\Advance\Downloads\Week 09\ChampionshipManager.java. Using fallback presentation compiler.
2026.03.16 21:14:48 WARN  Running javac-semanticdb failed for file:///C:/Users/Advance/Downloads/Week%2009/ChampionshipManager.java. Output:

2026.03.16 21:14:48 INFO  no build target found for C:\Users\Advance\Downloads\Week 09\ChampionshipManager.java. Using fallback presentation compiler.
Mar 16, 2026 9:14:49 PM org.eclipse.lsp4j.jsonrpc.RemoteEndpoint handleCancellation
WARNING: Unmatched cancel notification for request id 124
2026.03.16 21:14:48 INFO  no build target found for C:\Users\Advance\Downloads\Week 09\ChampionshipManager.java. Using fallback presentation compiler.
2026.03.16 21:14:50 INFO  no build target found for C:\Users\Advance\Downloads\Week 09\ChampionshipManager.java. Using fallback presentation compiler.
2026.03.16 21:14:51 INFO  no build target found for C:\Users\Advance\Downloads\Week 09\ChampionshipManager.java. Using fallback presentation compiler.
2026.03.16 21:14:51 INFO  no build target found for C:\Users\Advance\Downloads\Week 09\ChampionshipManager.java. Using fallback presentation compiler.
2026.03.16 21:14:53 INFO  no build target found for C:\Users\Advance\Downloads\Week 09\ChampionshipManager.java. Using fallback presentation compiler.
2026.03.16 21:14:53 INFO  no build target found for C:\Users\Advance\Downloads\Week 09\ChampionshipManager.java. Using fallback presentation compiler.
2026.03.16 21:14:54 INFO  no build target found for C:\Users\Advance\Downloads\Week 09\ChampionshipManager.java. Using fallback presentation compiler.
2026.03.16 21:14:54 INFO  no build target found for C:\Users\Advance\Downloads\Week 09\ChampionshipManager.java. Using fallback presentation compiler.
2026.03.16 21:14:56 INFO  no build target found for C:\Users\Advance\Downloads\Week 09\ChampionshipManager.java. Using fallback presentation compiler.
2026.03.16 21:14:56 INFO  no build target found for C:\Users\Advance\Downloads\Week 09\ChampionshipManager.java. Using fallback presentation compiler.
2026.03.16 21:14:56 INFO  no build target found for C:\Users\Advance\Downloads\Week 09\ChampionshipManager.java. Using fallback presentation compiler.
2026.03.16 21:14:59 INFO  no build target found for C:\Users\Advance\Downloads\Week 09\ChampionshipManager.java. Using fallback presentation compiler.
2026.03.16 21:14:59 WARN  Running javac-semanticdb failed for file:///C:/Users/Advance/Downloads/Week%2009/ChampionshipManager.java. Output:

2026.03.16 21:14:59 INFO  no build target found for C:\Users\Advance\Downloads\Week 09\ChampionshipManager.java. Using fallback presentation compiler.
2026.03.16 21:15:00 INFO  no build target found for C:\Users\Advance\Downloads\Week 09\ChampionshipManager.java. Using fallback presentation compiler.
2026.03.16 21:15:00 WARN  Running javac-semanticdb failed for file:///C:/Users/Advance/Downloads/Week%2009/ChampionshipManager.java. Output:

2026.03.16 21:15:00 INFO  no build target found for C:\Users\Advance\Downloads\Week 09\ChampionshipManager.java. Using fallback presentation compiler.
2026.03.16 21:15:01 WARN  no build target for: C:\Users\Advance\Downloads\Week 09\ChampionshipManager.java
2026.03.16 21:15:01 INFO  no build target found for C:\Users\Advance\Downloads\Week 09\ChampionshipManager.java. Using fallback presentation compiler.
2026.03.16 21:15:04 WARN  no build target for: C:\Users\Advance\Downloads\Week 09\ChampionshipStatistics.java
2026.03.16 21:15:04 INFO  no build target found for C:\Users\Advance\Downloads\Week 09\ChampionshipStatistics.java. Using fallback presentation compiler.
2026.03.16 21:15:04 INFO  no build target found for C:\Users\Advance\Downloads\Week 09\ChampionshipStatistics.java. Using fallback presentation compiler.
2026.03.16 21:15:04 INFO  no build target found for C:\Users\Advance\Downloads\Week 09\ChampionshipStatistics.java. Using fallback presentation compiler.
2026.03.16 21:15:04 WARN  Running javac-semanticdb failed for file:///C:/Users/Advance/Downloads/Week%2009/ChampionshipStatistics.java. Output:

2026.03.16 21:15:04 INFO  no build target found for C:\Users\Advance\Downloads\Week 09\ChampionshipStatistics.java. Using fallback presentation compiler.
2026.03.16 21:15:04 INFO  no build target found for C:\Users\Advance\Downloads\Week 09\ChampionshipStatistics.java. Using fallback presentation compiler.
2026.03.16 21:15:08 INFO  no build target found for C:\Users\Advance\Downloads\Week 09\ChampionshipStatistics.java. Using fallback presentation compiler.
2026.03.16 21:15:08 INFO  no build target found for C:\Users\Advance\Downloads\Week 09\ChampionshipStatistics.java. Using fallback presentation compiler.
2026.03.16 21:15:09 INFO  no build target found for C:\Users\Advance\Downloads\Week 09\ChampionshipStatistics.java. Using fallback presentation compiler.
2026.03.16 21:15:09 INFO  no build target found for C:\Users\Advance\Downloads\Week 09\ChampionshipStatistics.java. Using fallback presentation compiler.
2026.03.16 21:15:09 WARN  Running javac-semanticdb failed for file:///C:/Users/Advance/Downloads/Week%2009/ChampionshipStatistics.java. Output:

2026.03.16 21:15:09 INFO  no build target found for C:\Users\Advance\Downloads\Week 09\ChampionshipStatistics.java. Using fallback presentation compiler.
2026.03.16 21:15:09 WARN  Running javac-semanticdb failed for file:///C:/Users/Advance/Downloads/Week%2009/ChampionshipStatistics.java. Output:

2026.03.16 21:15:09 INFO  no build target found for C:\Users\Advance\Downloads\Week 09\ChampionshipStatistics.java. Using fallback presentation compiler.
2026.03.16 21:15:11 WARN  no build target for: C:\Users\Advance\Downloads\Week 09\ChampionshipStatistics.java
2026.03.16 21:15:11 INFO  no build target found for C:\Users\Advance\Downloads\Week 09\ChampionshipStatistics.java. Using fallback presentation compiler.
2026.03.16 21:15:11 WARN  no build target for: C:\Users\Advance\Downloads\Week 09\ChampionshipStatistics.java
2026.03.16 21:15:11 INFO  no build target found for C:\Users\Advance\Downloads\Week 09\ChampionshipStatistics.java. Using fallback presentation compiler.
2026.03.16 21:15:13 WARN  no build target for: C:\Users\Advance\Downloads\Week 09\Driver.java
2026.03.16 21:15:13 INFO  no build target found for C:\Users\Advance\Downloads\Week 09\Driver.java. Using fallback presentation compiler.
2026.03.16 21:15:13 INFO  no build target found for C:\Users\Advance\Downloads\Week 09\Driver.java. Using fallback presentation compiler.
2026.03.16 21:15:13 WARN  Running javac-semanticdb failed for file:///C:/Users/Advance/Downloads/Week%2009/Driver.java. Output:

2026.03.16 21:15:13 INFO  no build target found for C:\Users\Advance\Downloads\Week 09\Driver.java. Using fallback presentation compiler.
2026.03.16 21:15:14 INFO  no build target found for C:\Users\Advance\Downloads\Week 09\Driver.java. Using fallback presentation compiler.
2026.03.16 21:15:14 INFO  no build target found for C:\Users\Advance\Downloads\Week 09\Driver.java. Using fallback presentation compiler.
2026.03.16 21:15:17 INFO  no build target found for C:\Users\Advance\Downloads\Week 09\Driver.java. Using fallback presentation compiler.
2026.03.16 21:15:17 INFO  no build target found for C:\Users\Advance\Downloads\Week 09\Driver.java. Using fallback presentation compiler.
2026.03.16 21:15:18 INFO  no build target found for C:\Users\Advance\Downloads\Week 09\Driver.java. Using fallback presentation compiler.
2026.03.16 21:15:18 INFO  no build target found for C:\Users\Advance\Downloads\Week 09\Driver.java. Using fallback presentation compiler.
2026.03.16 21:15:18 INFO  no build target found for C:\Users\Advance\Downloads\Week 09\Driver.java. Using fallback presentation compiler.
2026.03.16 21:15:19 WARN  Running javac-semanticdb failed for file:///C:/Users/Advance/Downloads/Week%2009/Driver.java. Output:

2026.03.16 21:15:19 INFO  no build target found for C:\Users\Advance\Downloads\Week 09\Driver.java. Using fallback presentation compiler.
2026.03.16 21:15:21 INFO  no build target found for C:\Users\Advance\Downloads\Week 09\Driver.java. Using fallback presentation compiler.
2026.03.16 21:15:21 INFO  no build target found for C:\Users\Advance\Downloads\Week 09\Driver.java. Using fallback presentation compiler.
2026.03.16 21:15:21 INFO  no build target found for C:\Users\Advance\Downloads\Week 09\Driver.java. Using fallback presentation compiler.
2026.03.16 21:15:22 INFO  no build target found for C:\Users\Advance\Downloads\Week 09\Driver.java. Using fallback presentation compiler.
2026.03.16 21:15:23 WARN  Running javac-semanticdb failed for file:///C:/Users/Advance/Downloads/Week%2009/Driver.java. Output:

2026.03.16 21:15:23 INFO  no build target found for C:\Users\Advance\Downloads\Week 09\Driver.java. Using fallback presentation compiler.
2026.03.16 21:15:24 INFO  no build target found for C:\Users\Advance\Downloads\Week 09\Driver.java. Using fallback presentation compiler.
2026.03.16 21:15:24 INFO  no build target found for C:\Users\Advance\Downloads\Week 09\Driver.java. Using fallback presentation compiler.
2026.03.16 21:15:24 INFO  no build target found for C:\Users\Advance\Downloads\Week 09\Driver.java. Using fallback presentation compiler.
2026.03.16 21:15:26 INFO  no build target found for C:\Users\Advance\Downloads\Week 09\Driver.java. Using fallback presentation compiler.
2026.03.16 21:15:26 INFO  no build target found for C:\Users\Advance\Downloads\Week 09\Driver.java. Using fallback presentation compiler.
2026.03.16 21:15:26 INFO  no build target found for C:\Users\Advance\Downloads\Week 09\Driver.java. Using fallback presentation compiler.
2026.03.16 21:15:27 INFO  no build target found for C:\Users\Advance\Downloads\Week 09\Driver.java. Using fallback presentation compiler.
2026.03.16 21:15:27 WARN  Running javac-semanticdb failed for file:///C:/Users/Advance/Downloads/Week%2009/Driver.java. Output:

2026.03.16 21:15:28 INFO  no build target found for C:\Users\Advance\Downloads\Week 09\Driver.java. Using fallback presentation compiler.
2026.03.16 21:15:28 WARN  Running javac-semanticdb failed for file:///C:/Users/Advance/Downloads/Week%2009/Driver.java. Output:

2026.03.16 21:15:28 INFO  no build target found for C:\Users\Advance\Downloads\Week 09\Driver.java. Using fallback presentation compiler.
2026.03.16 21:15:28 INFO  no build target found for C:\Users\Advance\Downloads\Week 09\Driver.java. Using fallback presentation compiler.
2026.03.16 21:15:28 WARN  Running javac-semanticdb failed for file:///C:/Users/Advance/Downloads/Week%2009/Driver.java. Output:

2026.03.16 21:15:29 INFO  no build target found for C:\Users\Advance\Downloads\Week 09\Driver.java. Using fallback presentation compiler.
2026.03.16 21:15:33 INFO  no build target found for C:\Users\Advance\Downloads\Week 09\Driver.java. Using fallback presentation compiler.
2026.03.16 21:15:33 INFO  no build target found for C:\Users\Advance\Downloads\Week 09\Driver.java. Using fallback presentation compiler.
2026.03.16 21:15:35 INFO  no build target found for C:\Users\Advance\Downloads\Week 09\Driver.java. Using fallback presentation compiler.
2026.03.16 21:15:37 INFO  no build target found for C:\Users\Advance\Downloads\Week 09\Driver.java. Using fallback presentation compiler.
2026.03.16 21:15:37 INFO  no build target found for C:\Users\Advance\Downloads\Week 09\Driver.java. Using fallback presentation compiler.
2026.03.16 21:15:37 INFO  no build target found for C:\Users\Advance\Downloads\Week 09\Driver.java. Using fallback presentation compiler.
2026.03.16 21:15:38 INFO  no build target found for C:\Users\Advance\Downloads\Week 09\Driver.java. Using fallback presentation compiler.
2026.03.16 21:15:38 WARN  Running javac-semanticdb failed for file:///C:/Users/Advance/Downloads/Week%2009/Driver.java. Output:

2026.03.16 21:15:39 WARN  no build target for: C:\Users\Advance\Downloads\Week 09\Driver.java
2026.03.16 21:15:39 INFO  no build target found for C:\Users\Advance\Downloads\Week 09\Driver.java. Using fallback presentation compiler.
2026.03.16 21:15:39 WARN  no build target for: C:\Users\Advance\Downloads\Week 09\Driver.java
2026.03.16 21:15:39 INFO  no build target found for C:\Users\Advance\Downloads\Week 09\Driver.java. Using fallback presentation compiler.
2026.03.16 21:15:40 WARN  no build target for: C:\Users\Advance\Downloads\Week 09\Driver.java
2026.03.16 21:15:40 INFO  no build target found for C:\Users\Advance\Downloads\Week 09\Driver.java. Using fallback presentation compiler.
2026.03.16 21:15:43 WARN  no build target for: C:\Users\Advance\Downloads\Week 09\GravelCar.java
2026.03.16 21:15:43 INFO  no build target found for C:\Users\Advance\Downloads\Week 09\GravelCar.java. Using fallback presentation compiler.
2026.03.16 21:15:43 INFO  no build target found for C:\Users\Advance\Downloads\Week 09\GravelCar.java. Using fallback presentation compiler.
2026.03.16 21:15:43 WARN  Running javac-semanticdb failed for file:///C:/Users/Advance/Downloads/Week%2009/GravelCar.java. Output:

2026.03.16 21:15:43 INFO  no build target found for C:\Users\Advance\Downloads\Week 09\GravelCar.java. Using fallback presentation compiler.
2026.03.16 21:15:43 INFO  no build target found for C:\Users\Advance\Downloads\Week 09\GravelCar.java. Using fallback presentation compiler.
2026.03.16 21:15:43 INFO  no build target found for C:\Users\Advance\Downloads\Week 09\GravelCar.java. Using fallback presentation compiler.
2026.03.16 21:15:44 INFO  no build target found for C:\Users\Advance\Downloads\Week 09\GravelCar.java. Using fallback presentation compiler.
2026.03.16 21:15:46 INFO  no build target found for C:\Users\Advance\Downloads\Week 09\GravelCar.java. Using fallback presentation compiler.
2026.03.16 21:15:46 INFO  no build target found for C:\Users\Advance\Downloads\Week 09\GravelCar.java. Using fallback presentation compiler.
2026.03.16 21:15:47 INFO  no build target found for C:\Users\Advance\Downloads\Week 09\GravelCar.java. Using fallback presentation compiler.
2026.03.16 21:15:47 INFO  no build target found for C:\Users\Advance\Downloads\Week 09\GravelCar.java. Using fallback presentation compiler.
2026.03.16 21:15:47 INFO  no build target found for C:\Users\Advance\Downloads\Week 09\GravelCar.java. Using fallback presentation compiler.
2026.03.16 21:15:48 INFO  no build target found for C:\Users\Advance\Downloads\Week 09\GravelCar.java. Using fallback presentation compiler.
2026.03.16 21:15:49 WARN  Running javac-semanticdb failed for file:///C:/Users/Advance/Downloads/Week%2009/GravelCar.java. Output:

2026.03.16 21:15:49 INFO  no build target found for C:\Users\Advance\Downloads\Week 09\GravelCar.java. Using fallback presentation compiler.
2026.03.16 21:15:49 WARN  no build target for: C:\Users\Advance\Downloads\Week 09\GravelCar.java
2026.03.16 21:15:49 INFO  no build target found for C:\Users\Advance\Downloads\Week 09\GravelCar.java. Using fallback presentation compiler.
2026.03.16 21:15:50 WARN  no build target for: C:\Users\Advance\Downloads\Week 09\GravelCar.java
2026.03.16 21:15:50 INFO  no build target found for C:\Users\Advance\Downloads\Week 09\GravelCar.java. Using fallback presentation compiler.
2026.03.16 21:15:51 INFO  no build target found for C:\Users\Advance\Downloads\Week 09\GravelCar.java. Using fallback presentation compiler.
2026.03.16 21:15:52 INFO  no build target found for C:\Users\Advance\Downloads\Week 09\GravelCar.java. Using fallback presentation compiler.
2026.03.16 21:15:52 INFO  no build target found for C:\Users\Advance\Downloads\Week 09\GravelCar.java. Using fallback presentation compiler.
2026.03.16 21:15:53 INFO  no build target found for C:\Users\Advance\Downloads\Week 09\GravelCar.java. Using fallback presentation compiler.
2026.03.16 21:15:53 INFO  no build target found for C:\Users\Advance\Downloads\Week 09\GravelCar.java. Using fallback presentation compiler.
2026.03.16 21:15:54 INFO  no build target found for C:\Users\Advance\Downloads\Week 09\GravelCar.java. Using fallback presentation compiler.
2026.03.16 21:15:55 INFO  no build target found for C:\Users\Advance\Downloads\Week 09\GravelCar.java. Using fallback presentation compiler.
2026.03.16 21:15:55 WARN  Running javac-semanticdb failed for file:///C:/Users/Advance/Downloads/Week%2009/GravelCar.java. Output:

2026.03.16 21:15:54 INFO  no build target found for C:\Users\Advance\Downloads\Week 09\GravelCar.java. Using fallback presentation compiler.
2026.03.16 21:15:55 WARN  Running javac-semanticdb failed for file:///C:/Users/Advance/Downloads/Week%2009/GravelCar.java. Output:

2026.03.16 21:15:55 INFO  no build target found for C:\Users\Advance\Downloads\Week 09\GravelCar.java. Using fallback presentation compiler.
2026.03.16 21:15:57 WARN  no build target for: C:\Users\Advance\Downloads\Week 09\GravelCar.java
2026.03.16 21:15:57 INFO  no build target found for C:\Users\Advance\Downloads\Week 09\GravelCar.java. Using fallback presentation compiler.
2026.03.16 21:15:57 WARN  no build target for: C:\Users\Advance\Downloads\Week 09\GravelCar.java
2026.03.16 21:15:57 INFO  no build target found for C:\Users\Advance\Downloads\Week 09\GravelCar.java. Using fallback presentation compiler.
2026.03.16 21:15:57 WARN  no build target for: C:\Users\Advance\Downloads\Week 09\GravelCar.java
2026.03.16 21:15:57 INFO  no build target found for C:\Users\Advance\Downloads\Week 09\GravelCar.java. Using fallback presentation compiler.
2026.03.16 21:16:00 WARN  no build target for: C:\Users\Advance\Downloads\Week 09\GravelCar.java
2026.03.16 21:16:00 INFO  no build target found for C:\Users\Advance\Downloads\Week 09\GravelCar.java. Using fallback presentation compiler.
2026.03.16 21:16:01 INFO  no build target found for C:\Users\Advance\Downloads\Week 09\GravelCar.java. Using fallback presentation compiler.
2026.03.16 21:16:01 INFO  no build target found for C:\Users\Advance\Downloads\Week 09\GravelCar.java. Using fallback presentation compiler.
2026.03.16 21:16:01 INFO  no build target found for C:\Users\Advance\Downloads\Week 09\GravelCar.java. Using fallback presentation compiler.
2026.03.16 21:16:02 INFO  no build target found for C:\Users\Advance\Downloads\Week 09\GravelCar.java. Using fallback presentation compiler.
2026.03.16 21:16:02 INFO  no build target found for C:\Users\Advance\Downloads\Week 09\GravelCar.java. Using fallback presentation compiler.
2026.03.16 21:16:03 INFO  no build target found for C:\Users\Advance\Downloads\Week 09\GravelCar.java. Using fallback presentation compiler.
2026.03.16 21:16:03 WARN  Running javac-semanticdb failed for file:///C:/Users/Advance/Downloads/Week%2009/GravelCar.java. Output:

2026.03.16 21:16:04 INFO  no build target found for C:\Users\Advance\Downloads\Week 09\GravelCar.java. Using fallback presentation compiler.
2026.03.16 21:16:04 WARN  Running javac-semanticdb failed for file:///C:/Users/Advance/Downloads/Week%2009/GravelCar.java. Output:

2026.03.16 21:16:04 INFO  no build target found for C:\Users\Advance\Downloads\Week 09\GravelCar.java. Using fallback presentation compiler.
2026.03.16 21:16:06 WARN  no build target for: C:\Users\Advance\Downloads\Week 09\GravelCar.java
2026.03.16 21:16:06 INFO  no build target found for C:\Users\Advance\Downloads\Week 09\GravelCar.java. Using fallback presentation compiler.
2026.03.16 21:16:06 WARN  no build target for: C:\Users\Advance\Downloads\Week 09\GravelCar.java
2026.03.16 21:16:07 INFO  no build target found for C:\Users\Advance\Downloads\Week 09\GravelCar.java. Using fallback presentation compiler.
2026.03.16 21:16:08 WARN  no build target for: C:\Users\Advance\Downloads\Week 09\RaceResult.java
2026.03.16 21:16:08 INFO  no build target found for C:\Users\Advance\Downloads\Week 09\RaceResult.java. Using fallback presentation compiler.
2026.03.16 21:16:08 INFO  no build target found for C:\Users\Advance\Downloads\Week 09\RaceResult.java. Using fallback presentation compiler.
2026.03.16 21:16:08 WARN  Running javac-semanticdb failed for file:///C:/Users/Advance/Downloads/Week%2009/RaceResult.java. Output:

2026.03.16 21:16:08 INFO  no build target found for C:\Users\Advance\Downloads\Week 09\RaceResult.java. Using fallback presentation compiler.
2026.03.16 21:16:09 INFO  no build target found for C:\Users\Advance\Downloads\Week 09\RaceResult.java. Using fallback presentation compiler.
2026.03.16 21:16:08 INFO  no build target found for C:\Users\Advance\Downloads\Week 09\RaceResult.java. Using fallback presentation compiler.
2026.03.16 21:16:11 INFO  no build target found for C:\Users\Advance\Downloads\Week 09\RaceResult.java. Using fallback presentation compiler.
2026.03.16 21:16:11 INFO  no build target found for C:\Users\Advance\Downloads\Week 09\RaceResult.java. Using fallback presentation compiler.
2026.03.16 21:16:11 INFO  no build target found for C:\Users\Advance\Downloads\Week 09\RaceResult.java. Using fallback presentation compiler.
2026.03.16 21:16:12 INFO  no build target found for C:\Users\Advance\Downloads\Week 09\RaceResult.java. Using fallback presentation compiler.
2026.03.16 21:16:12 WARN  Running javac-semanticdb failed for file:///C:/Users/Advance/Downloads/Week%2009/RaceResult.java. Output:

2026.03.16 21:16:13 INFO  no build target found for C:\Users\Advance\Downloads\Week 09\RaceResult.java. Using fallback presentation compiler.
2026.03.16 21:16:13 INFO  no build target found for C:\Users\Advance\Downloads\Week 09\RaceResult.java. Using fallback presentation compiler.
2026.03.16 21:16:13 INFO  no build target found for C:\Users\Advance\Downloads\Week 09\RaceResult.java. Using fallback presentation compiler.
2026.03.16 21:16:15 INFO  no build target found for C:\Users\Advance\Downloads\Week 09\RaceResult.java. Using fallback presentation compiler.
2026.03.16 21:16:15 INFO  no build target found for C:\Users\Advance\Downloads\Week 09\RaceResult.java. Using fallback presentation compiler.
2026.03.16 21:16:18 INFO  no build target found for C:\Users\Advance\Downloads\Week 09\RaceResult.java. Using fallback presentation compiler.
2026.03.16 21:16:18 INFO  no build target found for C:\Users\Advance\Downloads\Week 09\RaceResult.java. Using fallback presentation compiler.
2026.03.16 21:16:18 INFO  no build target found for C:\Users\Advance\Downloads\Week 09\RaceResult.java. Using fallback presentation compiler.
2026.03.16 21:16:18 INFO  no build target found for C:\Users\Advance\Downloads\Week 09\RaceResult.java. Using fallback presentation compiler.
2026.03.16 21:16:20 INFO  no build target found for C:\Users\Advance\Downloads\Week 09\RaceResult.java. Using fallback presentation compiler.
2026.03.16 21:16:20 INFO  no build target found for C:\Users\Advance\Downloads\Week 09\RaceResult.java. Using fallback presentation compiler.
2026.03.16 21:16:21 INFO  no build target found for C:\Users\Advance\Downloads\Week 09\RaceResult.java. Using fallback presentation compiler.
2026.03.16 21:16:22 WARN  Running javac-semanticdb failed for file:///C:/Users/Advance/Downloads/Week%2009/RaceResult.java. Output:

2026.03.16 21:16:22 INFO  no build target found for C:\Users\Advance\Downloads\Week 09\RaceResult.java. Using fallback presentation compiler.
2026.03.16 21:16:21 INFO  no build target found for C:\Users\Advance\Downloads\Week 09\RaceResult.java. Using fallback presentation compiler.
2026.03.16 21:16:22 WARN  Running javac-semanticdb failed for file:///C:/Users/Advance/Downloads/Week%2009/RaceResult.java. Output:

2026.03.16 21:16:22 INFO  no build target found for C:\Users\Advance\Downloads\Week 09\RaceResult.java. Using fallback presentation compiler.
2026.03.16 21:16:24 INFO  no build target found for C:\Users\Advance\Downloads\Week 09\RaceResult.java. Using fallback presentation compiler.
2026.03.16 21:16:24 INFO  no build target found for C:\Users\Advance\Downloads\Week 09\RaceResult.java. Using fallback presentation compiler.
Mar 16, 2026 9:16:25 PM org.eclipse.lsp4j.jsonrpc.RemoteEndpoint handleCancellation
WARNING: Unmatched cancel notification for request id 373
2026.03.16 21:16:24 INFO  no build target found for C:\Users\Advance\Downloads\Week 09\RaceResult.java. Using fallback presentation compiler.
2026.03.16 21:16:24 INFO  no build target found for C:\Users\Advance\Downloads\Week 09\RaceResult.java. Using fallback presentation compiler.
2026.03.16 21:16:26 INFO  no build target found for C:\Users\Advance\Downloads\Week 09\RaceResult.java. Using fallback presentation compiler.
2026.03.16 21:16:26 INFO  no build target found for C:\Users\Advance\Downloads\Week 09\RaceResult.java. Using fallback presentation compiler.
2026.03.16 21:16:26 WARN  Running javac-semanticdb failed for file:///C:/Users/Advance/Downloads/Week%2009/RaceResult.java. Output:

2026.03.16 21:16:26 INFO  no build target found for C:\Users\Advance\Downloads\Week 09\RaceResult.java. Using fallback presentation compiler.
2026.03.16 21:16:27 INFO  no build target found for C:\Users\Advance\Downloads\Week 09\RaceResult.java. Using fallback presentation compiler.
2026.03.16 21:16:26 WARN  Running javac-semanticdb failed for file:///C:/Users/Advance/Downloads/Week%2009/RaceResult.java. Output:

2026.03.16 21:16:27 INFO  no build target found for C:\Users\Advance\Downloads\Week 09\RaceResult.java. Using fallback presentation compiler.
2026.03.16 21:16:27 INFO  no build target found for C:\Users\Advance\Downloads\Week 09\RaceResult.java. Using fallback presentation compiler.
2026.03.16 21:16:28 WARN  Running javac-semanticdb failed for file:///C:/Users/Advance/Downloads/Week%2009/RaceResult.java. Output:

2026.03.16 21:16:28 INFO  no build target found for C:\Users\Advance\Downloads\Week 09\RaceResult.java. Using fallback presentation compiler.
2026.03.16 21:16:29 WARN  no build target for: C:\Users\Advance\Downloads\Week 09\RaceResult.java
2026.03.16 21:16:29 INFO  no build target found for C:\Users\Advance\Downloads\Week 09\RaceResult.java. Using fallback presentation compiler.
2026.03.16 21:16:29 WARN  no build target for: C:\Users\Advance\Downloads\Week 09\RaceResult.java
2026.03.16 21:16:29 INFO  no build target found for C:\Users\Advance\Downloads\Week 09\RaceResult.java. Using fallback presentation compiler.
2026.03.16 21:16:29 WARN  no build target for: C:\Users\Advance\Downloads\Week 09\RaceResult.java
2026.03.16 21:16:29 INFO  no build target found for C:\Users\Advance\Downloads\Week 09\RaceResult.java. Using fallback presentation compiler.
2026.03.16 21:16:29 WARN  no build target for: C:\Users\Advance\Downloads\Week 09\RaceResult.java
2026.03.16 21:16:29 INFO  no build target found for C:\Users\Advance\Downloads\Week 09\RaceResult.java. Using fallback presentation compiler.
2026.03.16 21:16:35 WARN  no build target for: C:\Users\Advance\Downloads\Week 09\RallyCar.java
2026.03.16 21:16:35 INFO  no build target found for C:\Users\Advance\Downloads\Week 09\RallyCar.java. Using fallback presentation compiler.
2026.03.16 21:16:35 INFO  no build target found for C:\Users\Advance\Downloads\Week 09\RallyCar.java. Using fallback presentation compiler.
2026.03.16 21:16:35 WARN  Running javac-semanticdb failed for file:///C:/Users/Advance/Downloads/Week%2009/RallyCar.java. Output:

2026.03.16 21:16:35 INFO  no build target found for C:\Users\Advance\Downloads\Week 09\RallyCar.java. Using fallback presentation compiler.
2026.03.16 21:16:36 INFO  no build target found for C:\Users\Advance\Downloads\Week 09\RallyCar.java. Using fallback presentation compiler.
2026.03.16 21:16:35 INFO  no build target found for C:\Users\Advance\Downloads\Week 09\RallyCar.java. Using fallback presentation compiler.
2026.03.16 21:16:36 INFO  no build target found for C:\Users\Advance\Downloads\Week 09\RallyCar.java. Using fallback presentation compiler.
2026.03.16 21:16:36 INFO  no build target found for C:\Users\Advance\Downloads\Week 09\RallyCar.java. Using fallback presentation compiler.
2026.03.16 21:16:38 INFO  no build target found for C:\Users\Advance\Downloads\Week 09\RallyCar.java. Using fallback presentation compiler.
2026.03.16 21:16:38 INFO  no build target found for C:\Users\Advance\Downloads\Week 09\RallyCar.java. Using fallback presentation compiler.
2026.03.16 21:16:39 INFO  no build target found for C:\Users\Advance\Downloads\Week 09\RallyCar.java. Using fallback presentation compiler.
2026.03.16 21:16:39 WARN  Running javac-semanticdb failed for file:///C:/Users/Advance/Downloads/Week%2009/RallyCar.java. Output:

2026.03.16 21:16:39 INFO  no build target found for C:\Users\Advance\Downloads\Week 09\RallyCar.java. Using fallback presentation compiler.
2026.03.16 21:16:41 WARN  no build target for: C:\Users\Advance\Downloads\Week 09\RallyCar.java
2026.03.16 21:16:41 INFO  no build target found for C:\Users\Advance\Downloads\Week 09\RallyCar.java. Using fallback presentation compiler.
2026.03.16 21:16:41 WARN  no build target for: C:\Users\Advance\Downloads\Week 09\RallyCar.java
2026.03.16 21:16:41 INFO  no build target found for C:\Users\Advance\Downloads\Week 09\RallyCar.java. Using fallback presentation compiler.
2026.03.16 21:16:44 INFO  no build target found for C:\Users\Advance\Downloads\Week 09\RallyChampionship.java. Using fallback presentation compiler.
2026.03.16 21:16:44 WARN  no build target for: C:\Users\Advance\Downloads\Week 09\RallyChampionship.java
2026.03.16 21:16:44 INFO  no build target found for C:\Users\Advance\Downloads\Week 09\RallyChampionship.java. Using fallback presentation compiler.
2026.03.16 21:16:44 INFO  no build target found for C:\Users\Advance\Downloads\Week 09\RallyChampionship.java. Using fallback presentation compiler.
2026.03.16 21:16:44 INFO  no build target found for C:\Users\Advance\Downloads\Week 09\RallyChampionship.java. Using fallback presentation compiler.
2026.03.16 21:16:44 INFO  no build target found for C:\Users\Advance\Downloads\Week 09\RallyChampionship.java. Using fallback presentation compiler.
2026.03.16 21:16:47 WARN  no build target for: C:\Users\Advance\Downloads\Week 09\RallyRaceResult.java
2026.03.16 21:16:47 INFO  no build target found for C:\Users\Advance\Downloads\Week 09\RallyRaceResult.java. Using fallback presentation compiler.
2026.03.16 21:16:47 INFO  no build target found for C:\Users\Advance\Downloads\Week 09\RallyRaceResult.java. Using fallback presentation compiler.
2026.03.16 21:16:47 WARN  Running javac-semanticdb failed for file:///C:/Users/Advance/Downloads/Week%2009/RallyRaceResult.java. Output:

2026.03.16 21:16:47 INFO  no build target found for C:\Users\Advance\Downloads\Week 09\RallyRaceResult.java. Using fallback presentation compiler.
2026.03.16 21:16:47 INFO  no build target found for C:\Users\Advance\Downloads\Week 09\RallyRaceResult.java. Using fallback presentation compiler.
2026.03.16 21:16:48 INFO  no build target found for C:\Users\Advance\Downloads\Week 09\RallyRaceResult.java. Using fallback presentation compiler.
2026.03.16 21:16:48 INFO  no build target found for C:\Users\Advance\Downloads\Week 09\RallyRaceResult.java. Using fallback presentation compiler.
2026.03.16 21:16:49 INFO  no build target found for C:\Users\Advance\Downloads\Week 09\RallyRaceResult.java. Using fallback presentation compiler.
2026.03.16 21:16:49 INFO  no build target found for C:\Users\Advance\Downloads\Week 09\RallyRaceResult.java. Using fallback presentation compiler.
2026.03.16 21:16:50 INFO  no build target found for C:\Users\Advance\Downloads\Week 09\RallyRaceResult.java. Using fallback presentation compiler.
2026.03.16 21:16:50 INFO  no build target found for C:\Users\Advance\Downloads\Week 09\RallyRaceResult.java. Using fallback presentation compiler.
2026.03.16 21:16:51 INFO  no build target found for C:\Users\Advance\Downloads\Week 09\RallyRaceResult.java. Using fallback presentation compiler.
2026.03.16 21:16:51 WARN  Running javac-semanticdb failed for file:///C:/Users/Advance/Downloads/Week%2009/RallyRaceResult.java. Output:

2026.03.16 21:16:53 WARN  no build target for: C:\Users\Advance\Downloads\Week 09\RallyRaceResult.java
2026.03.16 21:16:53 INFO  no build target found for C:\Users\Advance\Downloads\Week 09\RallyRaceResult.java. Using fallback presentation compiler.
2026.03.16 21:16:54 INFO  no build target found for C:\Users\Advance\Downloads\Week 09\RallyRaceResult.java. Using fallback presentation compiler.
2026.03.16 21:16:54 INFO  no build target found for C:\Users\Advance\Downloads\Week 09\RallyRaceResult.java. Using fallback presentation compiler.
2026.03.16 21:16:54 INFO  no build target found for C:\Users\Advance\Downloads\Week 09\RallyRaceResult.java. Using fallback presentation compiler.
2026.03.16 21:16:54 INFO  no build target found for C:\Users\Advance\Downloads\Week 09\RallyRaceResult.java. Using fallback presentation compiler.
2026.03.16 21:16:56 INFO  no build target found for C:\Users\Advance\Downloads\Week 09\RallyRaceResult.java. Using fallback presentation compiler.
2026.03.16 21:16:56 WARN  Running javac-semanticdb failed for file:///C:/Users/Advance/Downloads/Week%2009/RallyRaceResult.java. Output:

2026.03.16 21:16:56 INFO  no build target found for C:\Users\Advance\Downloads\Week 09\RallyRaceResult.java. Using fallback presentation compiler.
2026.03.16 21:16:57 WARN  no build target for: C:\Users\Advance\Downloads\Week 09\RallyRaceResult.java
2026.03.16 21:16:57 INFO  no build target found for C:\Users\Advance\Downloads\Week 09\RallyRaceResult.java. Using fallback presentation compiler.
2026.03.16 21:16:59 INFO  no build target found for C:\Users\Advance\Downloads\Week 09\RallyRaceResult.java. Using fallback presentation compiler.
2026.03.16 21:17:04 INFO  no build target found for C:\Users\Advance\Downloads\Week 09\RallyRaceResult.java. Using fallback presentation compiler.
Mar 16, 2026 9:17:04 PM org.eclipse.lsp4j.jsonrpc.RemoteEndpoint handleCancellation
WARNING: Unmatched cancel notification for request id 485
2026.03.16 21:17:04 INFO  no build target found for C:\Users\Advance\Downloads\Week 09\RallyRaceResult.java. Using fallback presentation compiler.
2026.03.16 21:17:05 INFO  no build target found for C:\Users\Advance\Downloads\Week 09\RallyRaceResult.java. Using fallback presentation compiler.
2026.03.16 21:17:05 INFO  no build target found for C:\Users\Advance\Downloads\Week 09\RallyRaceResult.java. Using fallback presentation compiler.
2026.03.16 21:17:06 WARN  Running javac-semanticdb failed for file:///C:/Users/Advance/Downloads/Week%2009/RallyRaceResult.java. Output:

2026.03.16 21:17:06 INFO  no build target found for C:\Users\Advance\Downloads\Week 09\RallyRaceResult.java. Using fallback presentation compiler.
2026.03.16 21:17:06 INFO  no build target found for C:\Users\Advance\Downloads\Week 09\RallyRaceResult.java. Using fallback presentation compiler.
2026.03.16 21:17:06 WARN  Running javac-semanticdb failed for file:///C:/Users/Advance/Downloads/Week%2009/RallyRaceResult.java. Output:

2026.03.16 21:17:06 INFO  no build target found for C:\Users\Advance\Downloads\Week 09\RallyRaceResult.java. Using fallback presentation compiler.
2026.03.16 21:17:07 INFO  no build target found for C:\Users\Advance\Downloads\Week 09\RallyRaceResult.java. Using fallback presentation compiler.
2026.03.16 21:17:07 WARN  Running javac-semanticdb failed for file:///C:/Users/Advance/Downloads/Week%2009/RallyRaceResult.java. Output:

2026.03.16 21:17:07 INFO  no build target found for C:\Users\Advance\Downloads\Week 09\RallyRaceResult.java. Using fallback presentation compiler.
2026.03.16 21:17:08 WARN  no build target for: C:\Users\Advance\Downloads\Week 09\RallyRaceResult.java
2026.03.16 21:17:08 INFO  no build target found for C:\Users\Advance\Downloads\Week 09\RallyRaceResult.java. Using fallback presentation compiler.
2026.03.16 21:17:08 WARN  no build target for: C:\Users\Advance\Downloads\Week 09\RallyRaceResult.java
2026.03.16 21:17:09 INFO  no build target found for C:\Users\Advance\Downloads\Week 09\RallyRaceResult.java. Using fallback presentation compiler.
2026.03.16 21:17:12 INFO  no build target found for C:\Users\Advance\Downloads\Week 09\RallyChampionship.java. Using fallback presentation compiler.
2026.03.16 21:17:12 WARN  no build target for: C:\Users\Advance\Downloads\Week 09\RallyChampionship.java
2026.03.16 21:17:12 INFO  no build target found for C:\Users\Advance\Downloads\Week 09\RallyChampionship.java. Using fallback presentation compiler.
2026.03.16 21:17:12 INFO  no build target found for C:\Users\Advance\Downloads\Week 09\RallyChampionship.java. Using fallback presentation compiler.
2026.03.16 21:17:12 INFO  no build target found for C:\Users\Advance\Downloads\Week 09\RallyChampionship.java. Using fallback presentation compiler.
2026.03.16 21:17:12 INFO  no build target found for C:\Users\Advance\Downloads\Week 09\RallyChampionship.java. Using fallback presentation compiler.
2026.03.16 21:17:27 INFO  no build target found for C:\Users\Advance\Downloads\Week 09\RallyChampionship.java. Using fallback presentation compiler.
Mar 16, 2026 9:17:44 PM org.eclipse.lsp4j.jsonrpc.services.GenericEndpoint notify
INFO: Unsupported notification method: $/setTrace
2026.03.16 21:17:44 INFO  no build target found for C:\Users\Advance\Downloads\Week 09\RallyChampionship.java. Using fallback presentation compiler.
Mar 16, 2026 9:17:47 PM org.eclipse.lsp4j.jsonrpc.services.GenericEndpoint notify
INFO: Unsupported notification method: $/setTrace
2026.03.16 21:17:47 INFO  no build target found for C:\Users\Advance\Downloads\Week 09\RallyChampionship.java. Using fallback presentation compiler.
2026.03.16 21:18:25 WARN  no build target for: C:\Users\Advance\Downloads\Week 09\RallyChampionship.java
2026.03.16 21:18:25 INFO  no build target found for C:\Users\Advance\Downloads\Week 09\RallyChampionship.java. Using fallback presentation compiler.
2026.03.16 21:18:45 INFO  no build target found for C:\Users\Advance\Downloads\Week 09\RallyChampionship.java. Using fallback presentation compiler.
2026.03.16 21:22:55 WARN  no build target for: C:\Users\Advance\Downloads\Week 09\AsphaltCar.java
2026.03.16 21:22:55 INFO  no build target found for C:\Users\Advance\Downloads\Week 09\AsphaltCar.java. Using fallback presentation compiler.
2026.03.16 21:22:56 INFO  no build target found for C:\Users\Advance\Downloads\Week 09\AsphaltCar.java. Using fallback presentation compiler.
2026.03.16 21:27:34 INFO  no build target found for C:\Users\Advance\Downloads\Week 09\AsphaltCar.java. Using fallback presentation compiler.
2026.03.16 21:27:40 INFO  no build target found for C:\Users\Advance\Downloads\Week 09\AsphaltCar.java. Using fallback presentation compiler.
2026.03.16 21:28:03 WARN  no build target for: C:\Users\Advance\Downloads\Week 09\RallyCar.java
2026.03.16 21:28:03 INFO  no build target found for C:\Users\Advance\Downloads\Week 09\RallyCar.java. Using fallback presentation compiler.
2026.03.16 21:28:09 INFO  no build target found for C:\Users\Advance\Downloads\Week 09\RallyCar.java. Using fallback presentation compiler.
2026.03.16 21:28:26 INFO  no build target found for C:\Users\Advance\Downloads\Week 09\RallyChampionship.java. Using fallback presentation compiler.
2026.03.16 21:28:26 WARN  no build target for: C:\Users\Advance\Downloads\Week 09\RallyChampionship.java
2026.03.16 21:28:26 INFO  no build target found for C:\Users\Advance\Downloads\Week 09\RallyChampionship.java. Using fallback presentation compiler.
2026.03.16 21:28:26 INFO  no build target found for C:\Users\Advance\Downloads\Week 09\RallyChampionship.java. Using fallback presentation compiler.
2026.03.16 21:28:26 INFO  no build target found for C:\Users\Advance\Downloads\Week 09\RallyChampionship.java. Using fallback presentation compiler.
2026.03.16 21:28:26 INFO  no build target found for C:\Users\Advance\Downloads\Week 09\RallyChampionship.java. Using fallback presentation compiler.
2026.03.16 21:28:36 WARN  no build target for: C:\Users\Advance\Downloads\Week 09\RallyCar.java
2026.03.16 21:28:36 INFO  no build target found for C:\Users\Advance\Downloads\Week 09\RallyCar.java. Using fallback presentation compiler.
2026.03.16 21:29:29 INFO  no build target found for C:\Users\Advance\Downloads\Week 09\RallyCar.java. Using fallback presentation compiler.
2026.03.16 21:30:18 INFO  no build target found for C:\Users\Advance\Downloads\Week 09\RallyCar.java. Using fallback presentation compiler.
2026.03.16 21:30:23 INFO  no build target found for C:\Users\Advance\Downloads\Week 09\RallyCar.java. Using fallback presentation compiler.
2026.03.16 21:30:25 INFO  no build target found for C:\Users\Advance\Downloads\Week 09\RallyCar.java. Using fallback presentation compiler.
2026.03.16 21:30:25 INFO  no build target found for C:\Users\Advance\Downloads\Week 09\RallyCar.java. Using fallback presentation compiler.
2026.03.16 21:30:25 INFO  no build target found for C:\Users\Advance\Downloads\Week 09\RallyCar.java. Using fallback presentation compiler.
2026.03.16 21:30:25 INFO  no build target found for C:\Users\Advance\Downloads\Week 09\RallyCar.java. Using fallback presentation compiler.
2026.03.16 21:30:38 INFO  no build target found for C:\Users\Advance\Downloads\Week 09\RallyCar.java. Using fallback presentation compiler.
Mar 16, 2026 9:30:38 PM org.eclipse.lsp4j.jsonrpc.RemoteEndpoint handleCancellation
WARNING: Unmatched cancel notification for request id 681
2026.03.16 21:30:38 INFO  no build target found for C:\Users\Advance\Downloads\Week 09\RallyCar.java. Using fallback presentation compiler.
2026.03.16 21:31:07 WARN  no build target for: C:\Users\Advance\Downloads\Week 09\GravelCar.java
2026.03.16 21:31:08 INFO  no build target found for C:\Users\Advance\Downloads\Week 09\GravelCar.java. Using fallback presentation compiler.
2026.03.16 21:31:31 INFO  no build target found for C:\Users\Advance\Downloads\Week 09\GravelCar.java. Using fallback presentation compiler.
2026.03.16 21:31:33 WARN  no build target for: C:\Users\Advance\Downloads\Week 09\Driver.java
2026.03.16 21:31:33 INFO  no build target found for C:\Users\Advance\Downloads\Week 09\Driver.java. Using fallback presentation compiler.
2026.03.16 21:31:36 INFO  no build target found for C:\Users\Advance\Downloads\Week 09\Driver.java. Using fallback presentation compiler.
2026.03.16 21:31:38 INFO  no build target found for C:\Users\Advance\Downloads\Week 09\Driver.java. Using fallback presentation compiler.
2026.03.16 21:33:07 WARN  no build target for: C:\Users\Advance\Downloads\Week 09\RallyCar.java
2026.03.16 21:33:07 INFO  no build target found for C:\Users\Advance\Downloads\Week 09\RallyCar.java. Using fallback presentation compiler.
2026.03.16 21:33:39 INFO  no build target found for C:\Users\Advance\Downloads\Week 09\RallyCar.java. Using fallback presentation compiler.
2026.03.16 21:34:37 WARN  no build target for: C:\Users\Advance\Downloads\Week 09\GravelCar.java
2026.03.16 21:34:38 INFO  no build target found for C:\Users\Advance\Downloads\Week 09\GravelCar.java. Using fallback presentation compiler.
2026.03.16 21:34:38 INFO  no build target found for C:\Users\Advance\Downloads\Week 09\GravelCar.java. Using fallback presentation compiler.
2026.03.16 21:35:09 WARN  no build target for: C:\Users\Advance\Downloads\Week 09\Driver.java
2026.03.16 21:35:09 INFO  no build target found for C:\Users\Advance\Downloads\Week 09\Driver.java. Using fallback presentation compiler.
2026.03.16 21:35:45 WARN  no build target for: C:\Users\Advance\Downloads\Week 09\RaceResult.java
2026.03.16 21:35:45 INFO  no build target found for C:\Users\Advance\Downloads\Week 09\RaceResult.java. Using fallback presentation compiler.
2026.03.16 21:36:30 INFO  no build target found for C:\Users\Advance\Downloads\Week 09\ChampionshipManager.java. Using fallback presentation compiler.
2026.03.16 21:36:30 WARN  no build target for: C:\Users\Advance\Downloads\Week 09\ChampionshipManager.java
Mar 16, 2026 9:36:30 PM org.eclipse.lsp4j.jsonrpc.RemoteEndpoint handleCancellation
WARNING: Unmatched cancel notification for request id 782
2026.03.16 21:36:30 INFO  no build target found for C:\Users\Advance\Downloads\Week 09\ChampionshipManager.java. Using fallback presentation compiler.
2026.03.16 21:36:30 INFO  no build target found for C:\Users\Advance\Downloads\Week 09\ChampionshipManager.java. Using fallback presentation compiler.
2026.03.16 21:36:32 INFO  no build target found for C:\Users\Advance\Downloads\Week 09\ChampionshipManager.java. Using fallback presentation compiler.
2026.03.16 21:36:50 INFO  no build target found for C:\Users\Advance\Downloads\Week 09\ChampionshipManager.java. Using fallback presentation compiler.
2026.03.16 21:37:12 INFO  no build target found for C:\Users\Advance\Downloads\Week 09\ChampionshipManager.java. Using fallback presentation compiler.
2026.03.16 21:37:13 INFO  no build target found for C:\Users\Advance\Downloads\Week 09\ChampionshipManager.java. Using fallback presentation compiler.
2026.03.16 21:37:21 INFO  no build target found for C:\Users\Advance\Downloads\Week 09\ChampionshipStatistics.java. Using fallback presentation compiler.
2026.03.16 21:37:21 WARN  no build target for: C:\Users\Advance\Downloads\Week 09\ChampionshipStatistics.java
2026.03.16 21:37:21 INFO  no build target found for C:\Users\Advance\Downloads\Week 09\ChampionshipStatistics.java. Using fallback presentation compiler.
2026.03.16 21:37:21 INFO  no build target found for C:\Users\Advance\Downloads\Week 09\ChampionshipStatistics.java. Using fallback presentation compiler.
2026.03.16 21:37:29 INFO  no build target found for C:\Users\Advance\Downloads\Week 09\ChampionshipStatistics.java. Using fallback presentation compiler.
2026.03.16 21:37:36 INFO  no build target found for C:\Users\Advance\Downloads\Week 09\ChampionshipStatistics.java. Using fallback presentation compiler.
2026.03.16 21:38:07 INFO  no build target found for C:\Users\Advance\Downloads\Week 09\RallyChampionship.java. Using fallback presentation compiler.
2026.03.16 21:38:07 WARN  no build target for: C:\Users\Advance\Downloads\Week 09\RallyChampionship.java
2026.03.16 21:38:07 INFO  no build target found for C:\Users\Advance\Downloads\Week 09\RallyChampionship.java. Using fallback presentation compiler.
2026.03.16 21:38:07 INFO  no build target found for C:\Users\Advance\Downloads\Week 09\RallyChampionship.java. Using fallback presentation compiler.
2026.03.16 21:38:07 INFO  no build target found for C:\Users\Advance\Downloads\Week 09\RallyChampionship.java. Using fallback presentation compiler.
2026.03.16 21:38:11 INFO  no build target found for C:\Users\Advance\Downloads\Week 09\RallyChampionship.java. Using fallback presentation compiler.
2026.03.16 21:38:13 INFO  no build target found for C:\Users\Advance\Downloads\Week 09\RallyChampionship.java. Using fallback presentation compiler.
2026.03.16 21:38:23 INFO  no build target found for C:\Users\Advance\Downloads\Week 09\RallyChampionship.java. Using fallback presentation compiler.
